=== Environment check ===
Host: lrdn0513.leonardo.local
Date: Sat Mar 21 20:08:07 CET 2026

--- CUDA ---
cuda/12.2(default)  cuda/12.3  cuda/12.6  
Loaded cuda/12.1
nvcc: NVIDIA (R) Cuda compiler driver
Copyright (c) 2005-2023 NVIDIA Corporation
Built on Tue_Feb__7_19:32:13_PST_2023
Cuda compilation tools, release 12.1, V12.1.66
Build cuda_12.1.r12.1/compiler.32415258_0
Sat Mar 21 20:08:07 2026       
+---------------------------------------------------------------------------------------+
| NVIDIA-SMI 535.274.02             Driver Version: 535.274.02   CUDA Version: 12.2     |
|-----------------------------------------+----------------------+----------------------+
| GPU  Name                 Persistence-M | Bus-Id        Disp.A | Volatile Uncorr. ECC |
| Fan  Temp   Perf          Pwr:Usage/Cap |         Memory-Usage | GPU-Util  Compute M. |
|                                         |                      |               MIG M. |
|=========================================+======================+======================|
|   0  NVIDIA A100-SXM-64GB           On  | 00000000:8F:00.0 Off |                    0 |
| N/A   43C    P0              61W / 450W |      0MiB / 65536MiB |      0%      Default |
|                                         |                      |             Disabled |
+-----------------------------------------+----------------------+----------------------+

--- CMake ---
cmake/3.27.9(default)  cmake/4.1.2  
cmake version 3.20.2
ERROR: Unable to locate a modulefile for 'cmake/3.29'
ERROR: Unable to locate a modulefile for 'cmake/3.28'
Loading cmake/3.27.9
  Loading requirement: nghttp2/1.57.0-634bffh zlib-ng/2.1.6-jkgunjc curl/8.7.1
    gmake/4.4.1-phqmvks ncurses/6.5-svfl57u
Loaded cmake/3.27
cmake version 3.27.9

--- Compilers ---
g++ (GCC) 8.5.0 20210514 (Red Hat 8.5.0-18)
gcc/12.2.0  
ERROR: Unable to locate a modulefile for 'gcc/13'
Loading gcc/12.2.0
  Loading requirement: zstd/1.5.6-uq5yyux binutils/2.42
Loaded gcc/12
g++ (Spack GCC) 12.2.0

--- Python ---
Python 3.13.5

--- Git ---
git version 2.39.3
Testing proxy connectivity...
GitHub reachable via proxy

--- Existing installs ---
OpenFHE not yet installed
FIDESlib not yet installed

=== Check complete ===
