=== Building cuda_cachemir ===
Host: lrdn1936.leonardo.local  |  Date: Sun Mar 22 16:07:51 CET 2026
Loading gcc/12.2.0
  Loading requirement: zlib-ng/2.1.6-jkgunjc zstd/1.5.6-uq5yyux binutils/2.42

Loading cmake/3.27.9
  Loading requirement: nghttp2/1.57.0-634bffh curl/8.7.1 gmake/4.4.1-phqmvks
    ncurses/6.5-svfl57u
CUDA_HOME:   /leonardo/prod/opt/compilers/cuda/12.6/none
CUDAHOSTCXX: /leonardo/prod/spack/06/install/0.22/linux-rhel8-icelake/gcc-8.5.0/gcc-12.2.0-lkcazt4letxjj4s7nlhzryoyivevsatz/bin/g++
cmake version 3.27.9
g++ (Spack GCC) 12.2.0
Auto-detected GPU arch: 80-real
/leonardo_work/IscrC_eff-SAM2/azirilli/deps/lib/libOPENFHEbinfhe.so
/leonardo_work/IscrC_eff-SAM2/azirilli/deps/lib/libOPENFHEbinfhe.so.1
/leonardo_work/IscrC_eff-SAM2/azirilli/deps/lib/libOPENFHEbinfhe.so.1.4.2
/leonardo_work/IscrC_eff-SAM2/azirilli/deps/lib/libOPENFHEbinfhe_static.a
/leonardo_work/IscrC_eff-SAM2/azirilli/deps/lib/libOPENFHEcore.so
/leonardo_work/IscrC_eff-SAM2/azirilli/deps/lib/libOPENFHEcore.so.1
/leonardo_work/IscrC_eff-SAM2/azirilli/deps/lib/libOPENFHEcore.so.1.4.2
/leonardo_work/IscrC_eff-SAM2/azirilli/deps/lib/libOPENFHEcore_static.a
/leonardo_work/IscrC_eff-SAM2/azirilli/deps/lib/libOPENFHEpke.so
/leonardo_work/IscrC_eff-SAM2/azirilli/deps/lib/libOPENFHEpke.so.1
/leonardo_work/IscrC_eff-SAM2/azirilli/deps/lib/libOPENFHEpke.so.1.4.2
/leonardo_work/IscrC_eff-SAM2/azirilli/deps/lib/libOPENFHEpke_static.a
FIDESlib: /leonardo_work/IscrC_eff-SAM2/azirilli/deps

--- cmake configure ---
CMake Warning (dev) at CMakeLists.txt:17 (find_package):
  Policy CMP0144 is not set: find_package uses upper-case <PACKAGENAME>_ROOT
  variables.  Run "cmake --help-policy CMP0144" for policy details.  Use the
  cmake_policy command to set the policy and suppress this warning.

  CMake variable FIDESLIB_ROOT is set to:

    /leonardo_work/IscrC_eff-SAM2/azirilli/deps

  For compatibility, find_package is ignoring the variable, but code in a
  .cmake module might still use it.
This warning is for project developers.  Use -Wno-dev to suppress it.

-- Using FIDESlib.
-- Configuring done (0.4s)
CMake Warning at tests/CMakeLists.txt:5 (add_executable):
  Cannot generate a safe runtime search path for target test_ops because
  files in some directories may conflict with libraries in implicit
  directories:

    runtime library [libgomp.so.1] in /leonardo/prod/spack/06/install/0.22/linux-rhel8-icelake/gcc-8.5.0/gcc-12.2.0-lkcazt4letxjj4s7nlhzryoyivevsatz/lib64 may be hidden by files in:
      /leonardo/home/userexternal/azirilli/miniconda3/lib

  Some of these libraries may not be found correctly.
Call Stack (most recent call first):
  tests/CMakeLists.txt:22 (add_cachemir_test)


CMake Warning at tests/CMakeLists.txt:5 (add_executable):
  Cannot generate a safe runtime search path for target test_bootstrap
  because files in some directories may conflict with libraries in implicit
  directories:

    runtime library [libgomp.so.1] in /leonardo/prod/spack/06/install/0.22/linux-rhel8-icelake/gcc-8.5.0/gcc-12.2.0-lkcazt4letxjj4s7nlhzryoyivevsatz/lib64 may be hidden by files in:
      /leonardo/home/userexternal/azirilli/miniconda3/lib

  Some of these libraries may not be found correctly.
Call Stack (most recent call first):
  tests/CMakeLists.txt:23 (add_cachemir_test)


CMake Warning at tests/CMakeLists.txt:5 (add_executable):
  Cannot generate a safe runtime search path for target test_primitives
  because files in some directories may conflict with libraries in implicit
  directories:

    runtime library [libgomp.so.1] in /leonardo/prod/spack/06/install/0.22/linux-rhel8-icelake/gcc-8.5.0/gcc-12.2.0-lkcazt4letxjj4s7nlhzryoyivevsatz/lib64 may be hidden by files in:
      /leonardo/home/userexternal/azirilli/miniconda3/lib

  Some of these libraries may not be found correctly.
Call Stack (most recent call first):
  tests/CMakeLists.txt:24 (add_cachemir_test)


CMake Warning at tests/CMakeLists.txt:5 (add_executable):
  Cannot generate a safe runtime search path for target test_nonlinear
  because files in some directories may conflict with libraries in implicit
  directories:

    runtime library [libgomp.so.1] in /leonardo/prod/spack/06/install/0.22/linux-rhel8-icelake/gcc-8.5.0/gcc-12.2.0-lkcazt4letxjj4s7nlhzryoyivevsatz/lib64 may be hidden by files in:
      /leonardo/home/userexternal/azirilli/miniconda3/lib

  Some of these libraries may not be found correctly.
Call Stack (most recent call first):
  tests/CMakeLists.txt:25 (add_cachemir_test)


CMake Warning at tests/CMakeLists.txt:5 (add_executable):
  Cannot generate a safe runtime search path for target test_llama because
  files in some directories may conflict with libraries in implicit
  directories:

    runtime library [libgomp.so.1] in /leonardo/prod/spack/06/install/0.22/linux-rhel8-icelake/gcc-8.5.0/gcc-12.2.0-lkcazt4letxjj4s7nlhzryoyivevsatz/lib64 may be hidden by files in:
      /leonardo/home/userexternal/azirilli/miniconda3/lib

  Some of these libraries may not be found correctly.
Call Stack (most recent call first):
  tests/CMakeLists.txt:26 (add_cachemir_test)


-- Generating done (5.0s)
-- Build files have been written to: /leonardo_work/IscrC_eff-SAM2/azirilli/cuda-cachemir/pycudafhe/build_sm80

--- cmake build (16 jobs) ---
[ 28%] Built target cachemir_lib
[ 32%] Building CUDA object tests/CMakeFiles/test_llama.dir/test_llama.cu.o
[ 44%] Built target test_bootstrap
[ 60%] Built target test_primitives
[ 68%] Built target test_nonlinear
[ 80%] Built target test_ops
[ 92%] Built target cuda_cachemir
[ 96%] Linking CUDA device code CMakeFiles/test_llama.dir/cmake_device_link.o
[100%] Linking CXX executable ../bin/test_llama
[100%] Built target test_llama

--- Built binaries ---
total 98M
-rwxr-xr-x 1 azirilli interactive 17M Mar 22 16:05 cuda_cachemir
-rwxr-xr-x 1 azirilli interactive 17M Mar 22 16:05 test_bootstrap
-rwxr-xr-x 1 azirilli interactive 17M Mar 22 16:08 test_llama
-rwxr-xr-x 1 azirilli interactive 17M Mar 22 16:05 test_nonlinear
-rwxr-xr-x 1 azirilli interactive 17M Mar 22 16:05 test_ops
-rwxr-xr-x 1 azirilli interactive 17M Mar 22 16:05 test_primitives

=== Build complete ===
Date: Sun Mar 22 16:08:06 CET 2026
